2021-03-09 12:22:22,253 INFO org.hibernate.validator.internal.util.Version [background-preinit] HV000001: Hibernate Validator 6.1.7.Final
2021-03-09 12:22:22,258 INFO org.springframework.boot.StartupInfoLogger [main] Starting EventControllerIT using Java 15.0.1 on LS-194 with PID 21037 (started by jahangir in /home/jahangir/spring_project/ms-event-service-api)
2021-03-09 12:22:22,258 DEBUG org.springframework.boot.StartupInfoLogger [main] Running with Spring Boot v2.4.3, Spring v5.3.4
2021-03-09 12:22:22,260 INFO org.springframework.boot.SpringApplication [main] No active profile set, falling back to default profiles: default
2021-03-09 12:22:22,608 INFO org.springframework.data.repository.config.RepositoryConfigurationDelegate [main] Bootstrapping Spring Data JPA repositories in DEFAULT mode.
2021-03-09 12:22:22,637 INFO org.springframework.data.repository.config.RepositoryConfigurationDelegate [main] Finished Spring Data repository scanning in 24 ms. Found 1 JPA repository interfaces.
2021-03-09 12:22:22,919 INFO org.hibernate.jpa.internal.util.LogHelper [main] HHH000204: Processing PersistenceUnitInfo [name: default]
2021-03-09 12:22:22,943 INFO org.hibernate.Version [main] HHH000412: Hibernate ORM core version 5.4.28.Final
2021-03-09 12:22:23,008 INFO org.hibernate.annotations.common.reflection.java.JavaReflectionManager [main] HCANN000001: Hibernate Commons Annotations {5.1.2.Final}
2021-03-09 12:22:23,067 INFO com.zaxxer.hikari.HikariDataSource [main] HikariPool-1 - Starting...
2021-03-09 12:22:23,242 INFO com.zaxxer.hikari.HikariDataSource [main] HikariPool-1 - Start completed.
2021-03-09 12:22:23,256 INFO org.hibernate.dialect.Dialect [main] HHH000400: Using dialect: org.hibernate.dialect.PostgreSQL95Dialect
2021-03-09 12:22:23,602 INFO org.hibernate.engine.transaction.jta.platform.internal.JtaPlatformInitiator [main] HHH000490: Using JtaPlatform implementation: [org.hibernate.engine.transaction.jta.platform.internal.NoJtaPlatform]
2021-03-09 12:22:23,607 INFO org.springframework.orm.jpa.AbstractEntityManagerFactoryBean [main] Initialized JPA EntityManagerFactory for persistence unit 'default'
2021-03-09 12:22:23,807 WARN org.reflections.Reflections [main] given scan urls are empty. set urls in the configuration
2021-03-09 12:22:24,072 WARN org.springframework.boot.autoconfigure.orm.jpa.JpaBaseConfiguration$JpaWebConfiguration [main] spring.jpa.open-in-view is enabled by default. Therefore, database queries may be performed during view rendering. Explicitly configure spring.jpa.open-in-view to disable this warning
2021-03-09 12:22:24,184 INFO org.springframework.scheduling.concurrent.ExecutorConfigurationSupport [main] Initializing ExecutorService 'applicationTaskExecutor'
2021-03-09 12:22:24,374 INFO org.springframework.mock.web.MockServletContext [main] Initializing Spring TestDispatcherServlet ''
2021-03-09 12:22:24,374 INFO org.springframework.web.servlet.FrameworkServlet [main] Initializing Servlet ''
2021-03-09 12:22:24,375 INFO org.springframework.web.servlet.FrameworkServlet [main] Completed initialization in 1 ms
2021-03-09 12:22:24,386 INFO org.springframework.boot.StartupInfoLogger [main] Started EventControllerIT in 2.33 seconds (JVM running for 2.979)
2021-03-09 12:22:24,639 TRACE com.jhub.event.ws.ui.controller.EventController [main] A TRACE Message
2021-03-09 12:22:24,639 DEBUG com.jhub.event.ws.ui.controller.EventController [main] A DEBUG Message
2021-03-09 12:22:24,639 INFO com.jhub.event.ws.ui.controller.EventController [main] An INFO Message
2021-03-09 12:22:24,639 WARN com.jhub.event.ws.ui.controller.EventController [main] A WARN Message
2021-03-09 12:22:24,639 ERROR com.jhub.event.ws.ui.controller.EventController [main] An ERROR Message
2021-03-09 12:22:24,777 INFO org.springframework.scheduling.concurrent.ExecutorConfigurationSupport [SpringContextShutdownHook] Shutting down ExecutorService 'applicationTaskExecutor'
2021-03-09 12:22:24,778 INFO org.springframework.orm.jpa.AbstractEntityManagerFactoryBean [SpringContextShutdownHook] Closing JPA EntityManagerFactory for persistence unit 'default'
2021-03-09 12:22:24,779 INFO com.zaxxer.hikari.HikariDataSource [SpringContextShutdownHook] HikariPool-1 - Shutdown initiated...
2021-03-09 12:22:24,783 INFO com.zaxxer.hikari.HikariDataSource [SpringContextShutdownHook] HikariPool-1 - Shutdown completed.
2021-03-09 12:41:23,243 INFO org.hibernate.validator.internal.util.Version [background-preinit] HV000001: Hibernate Validator 6.1.7.Final
2021-03-09 12:41:23,247 INFO org.springframework.boot.StartupInfoLogger [main] Starting EventControllerIT using Java 15.0.1 on LS-194 with PID 27024 (started by jahangir in /home/jahangir/spring_project/ms-event-service-api)
2021-03-09 12:41:23,248 DEBUG org.springframework.boot.StartupInfoLogger [main] Running with Spring Boot v2.4.3, Spring v5.3.4
2021-03-09 12:41:23,250 INFO org.springframework.boot.SpringApplication [main] No active profile set, falling back to default profiles: default
2021-03-09 12:41:23,600 INFO org.springframework.data.repository.config.RepositoryConfigurationDelegate [main] Bootstrapping Spring Data JPA repositories in DEFAULT mode.
2021-03-09 12:41:23,627 INFO org.springframework.data.repository.config.RepositoryConfigurationDelegate [main] Finished Spring Data repository scanning in 23 ms. Found 1 JPA repository interfaces.
2021-03-09 12:41:23,944 INFO org.hibernate.jpa.internal.util.LogHelper [main] HHH000204: Processing PersistenceUnitInfo [name: default]
2021-03-09 12:41:23,969 INFO org.hibernate.Version [main] HHH000412: Hibernate ORM core version 5.4.28.Final
2021-03-09 12:41:24,037 INFO org.hibernate.annotations.common.reflection.java.JavaReflectionManager [main] HCANN000001: Hibernate Commons Annotations {5.1.2.Final}
2021-03-09 12:41:24,099 INFO com.zaxxer.hikari.HikariDataSource [main] HikariPool-1 - Starting...
2021-03-09 12:41:24,285 INFO com.zaxxer.hikari.HikariDataSource [main] HikariPool-1 - Start completed.
2021-03-09 12:41:24,294 INFO org.hibernate.dialect.Dialect [main] HHH000400: Using dialect: org.hibernate.dialect.PostgreSQL95Dialect
2021-03-09 12:41:24,661 INFO org.hibernate.engine.transaction.jta.platform.internal.JtaPlatformInitiator [main] HHH000490: Using JtaPlatform implementation: [org.hibernate.engine.transaction.jta.platform.internal.NoJtaPlatform]
2021-03-09 12:41:24,665 INFO org.springframework.orm.jpa.AbstractEntityManagerFactoryBean [main] Initialized JPA EntityManagerFactory for persistence unit 'default'
2021-03-09 12:41:24,844 WARN org.reflections.Reflections [main] given scan urls are empty. set urls in the configuration
2021-03-09 12:41:25,069 WARN org.springframework.boot.autoconfigure.orm.jpa.JpaBaseConfiguration$JpaWebConfiguration [main] spring.jpa.open-in-view is enabled by default. Therefore, database queries may be performed during view rendering. Explicitly configure spring.jpa.open-in-view to disable this warning
2021-03-09 12:41:25,185 INFO org.springframework.scheduling.concurrent.ExecutorConfigurationSupport [main] Initializing ExecutorService 'applicationTaskExecutor'
2021-03-09 12:41:25,379 INFO org.springframework.mock.web.MockServletContext [main] Initializing Spring TestDispatcherServlet ''
2021-03-09 12:41:25,380 INFO org.springframework.web.servlet.FrameworkServlet [main] Initializing Servlet ''
2021-03-09 12:41:25,381 INFO org.springframework.web.servlet.FrameworkServlet [main] Completed initialization in 1 ms
2021-03-09 12:41:25,395 INFO org.springframework.boot.StartupInfoLogger [main] Started EventControllerIT in 2.346 seconds (JVM running for 2.95)
2021-03-09 12:41:25,682 TRACE com.jhub.event.ws.ui.controller.EventController [main] A TRACE Message
2021-03-09 12:41:25,682 DEBUG com.jhub.event.ws.ui.controller.EventController [main] A DEBUG Message
2021-03-09 12:41:25,682 INFO com.jhub.event.ws.ui.controller.EventController [main] An INFO Message
2021-03-09 12:41:25,682 WARN com.jhub.event.ws.ui.controller.EventController [main] A WARN Message
2021-03-09 12:41:25,682 ERROR com.jhub.event.ws.ui.controller.EventController [main] An ERROR Message
2021-03-09 12:41:25,821 INFO org.springframework.scheduling.concurrent.ExecutorConfigurationSupport [SpringContextShutdownHook] Shutting down ExecutorService 'applicationTaskExecutor'
2021-03-09 12:41:25,822 INFO org.springframework.orm.jpa.AbstractEntityManagerFactoryBean [SpringContextShutdownHook] Closing JPA EntityManagerFactory for persistence unit 'default'
2021-03-09 12:41:25,823 INFO com.zaxxer.hikari.HikariDataSource [SpringContextShutdownHook] HikariPool-1 - Shutdown initiated...
2021-03-09 12:41:25,828 INFO com.zaxxer.hikari.HikariDataSource [SpringContextShutdownHook] HikariPool-1 - Shutdown completed.
